CRITICAL - 2023-11-19 19:53:06 --> syntax error, unexpected token "public"
#0 C:\coding\system\Router\Router.php(175): CodeIgniter\Router\Router->autoRoute('home/aksi_login')
#1 C:\coding\system\CodeIgniter.php(726): CodeIgniter\Router\Router->handle('home/aksi_login')
#2 C:\coding\system\CodeIgniter.php(368): CodeIgniter\CodeIgniter->tryToRouteIt(Object(CodeIgniter\Router\RouteCollection))
#3 C:\coding\system\CodeIgniter.php(326): CodeIgniter\CodeIgniter->handleRequest(NULL, Object(Config\Cache), false)
#4 C:\coding\public\index.php(37): CodeIgniter\CodeIgniter->run()
#5 C:\coding\system\Commands\Server\rewrite.php(43): require_once('C:\\coding\\publi...')
#6 {main}
CRITICAL - 2023-11-19 19:53:41 --> syntax error, unexpected token "public"
#0 C:\coding\system\Autoloader\Autoloader.php(241): CodeIgniter\Autoloader\Autoloader->includeFile('C:\\coding\\app\\C...')
#1 C:\coding\system\Autoloader\Autoloader.php(219): CodeIgniter\Autoloader\Autoloader->loadInNamespace('App\\Controllers...')
#2 [internal function]: CodeIgniter\Autoloader\Autoloader->loadClass('App\\Controllers...')
#3 C:\coding\system\CodeIgniter.php(797): class_exists('\\App\\Controller...', true)
#4 C:\coding\system\CodeIgniter.php(406): CodeIgniter\CodeIgniter->startController()
#5 C:\coding\system\CodeIgniter.php(326): CodeIgniter\CodeIgniter->handleRequest(NULL, Object(Config\Cache), false)
#6 C:\coding\public\index.php(37): CodeIgniter\CodeIgniter->run()
#7 C:\coding\system\Commands\Server\rewrite.php(43): require_once('C:\\coding\\publi...')
#8 {main}
CRITICAL - 2023-11-19 19:53:42 --> syntax error, unexpected token "public"
#0 C:\coding\system\Autoloader\Autoloader.php(241): CodeIgniter\Autoloader\Autoloader->includeFile('C:\\coding\\app\\C...')
#1 C:\coding\system\Autoloader\Autoloader.php(219): CodeIgniter\Autoloader\Autoloader->loadInNamespace('App\\Controllers...')
#2 [internal function]: CodeIgniter\Autoloader\Autoloader->loadClass('App\\Controllers...')
#3 C:\coding\system\CodeIgniter.php(797): class_exists('\\App\\Controller...', true)
#4 C:\coding\system\CodeIgniter.php(406): CodeIgniter\CodeIgniter->startController()
#5 C:\coding\system\CodeIgniter.php(326): CodeIgniter\CodeIgniter->handleRequest(NULL, Object(Config\Cache), false)
#6 C:\coding\public\index.php(37): CodeIgniter\CodeIgniter->run()
#7 C:\coding\system\Commands\Server\rewrite.php(43): require_once('C:\\coding\\publi...')
#8 {main}
CRITICAL - 2023-11-19 20:00:25 --> Call to undefined function App\Controllers\redirect90()
#0 C:\coding\system\CodeIgniter.php(832): App\Controllers\Home->logout()
#1 C:\coding\system\CodeIgniter.php(419): CodeIgniter\CodeIgniter->runController(Object(App\Controllers\Home))
#2 C:\coding\system\CodeIgniter.php(326): CodeIgniter\CodeIgniter->handleRequest(NULL, Object(Config\Cache), false)
#3 C:\coding\public\index.php(37): CodeIgniter\CodeIgniter->run()
#4 C:\coding\system\Commands\Server\rewrite.php(43): require_once('C:\\coding\\publi...')
#5 {main}
CRITICAL - 2023-11-19 20:01:06 --> Call to undefined function App\Controllers\redirect90()
#0 C:\coding\system\CodeIgniter.php(832): App\Controllers\Home->logout()
#1 C:\coding\system\CodeIgniter.php(419): CodeIgniter\CodeIgniter->runController(Object(App\Controllers\Home))
#2 C:\coding\system\CodeIgniter.php(326): CodeIgniter\CodeIgniter->handleRequest(NULL, Object(Config\Cache), false)
#3 C:\coding\public\index.php(37): CodeIgniter\CodeIgniter->run()
#4 C:\coding\system\Commands\Server\rewrite.php(43): require_once('C:\\coding\\publi...')
#5 {main}
CRITICAL - 2023-11-19 20:01:08 --> Call to undefined function App\Controllers\redirect90()
#0 C:\coding\system\CodeIgniter.php(832): App\Controllers\Home->logout()
#1 C:\coding\system\CodeIgniter.php(419): CodeIgniter\CodeIgniter->runController(Object(App\Controllers\Home))
#2 C:\coding\system\CodeIgniter.php(326): CodeIgniter\CodeIgniter->handleRequest(NULL, Object(Config\Cache), false)
#3 C:\coding\public\index.php(37): CodeIgniter\CodeIgniter->run()
#4 C:\coding\system\Commands\Server\rewrite.php(43): require_once('C:\\coding\\publi...')
#5 {main}
CRITICAL - 2023-11-19 20:01:08 --> Call to undefined function App\Controllers\redirect90()
#0 C:\coding\system\CodeIgniter.php(832): App\Controllers\Home->logout()
#1 C:\coding\system\CodeIgniter.php(419): CodeIgniter\CodeIgniter->runController(Object(App\Controllers\Home))
#2 C:\coding\system\CodeIgniter.php(326): CodeIgniter\CodeIgniter->handleRequest(NULL, Object(Config\Cache), false)
#3 C:\coding\public\index.php(37): CodeIgniter\CodeIgniter->run()
#4 C:\coding\system\Commands\Server\rewrite.php(43): require_once('C:\\coding\\publi...')
#5 {main}
CRITICAL - 2023-11-19 20:01:09 --> Call to undefined function App\Controllers\redirect90()
#0 C:\coding\system\CodeIgniter.php(832): App\Controllers\Home->logout()
#1 C:\coding\system\CodeIgniter.php(419): CodeIgniter\CodeIgniter->runController(Object(App\Controllers\Home))
#2 C:\coding\system\CodeIgniter.php(326): CodeIgniter\CodeIgniter->handleRequest(NULL, Object(Config\Cache), false)
#3 C:\coding\public\index.php(37): CodeIgniter\CodeIgniter->run()
#4 C:\coding\system\Commands\Server\rewrite.php(43): require_once('C:\\coding\\publi...')
#5 {main}
CRITICAL - 2023-11-19 20:01:44 --> Call to undefined function App\Controllers\redirect90()
#0 C:\coding\system\CodeIgniter.php(832): App\Controllers\Home->logout()
#1 C:\coding\system\CodeIgniter.php(419): CodeIgniter\CodeIgniter->runController(Object(App\Controllers\Home))
#2 C:\coding\system\CodeIgniter.php(326): CodeIgniter\CodeIgniter->handleRequest(NULL, Object(Config\Cache), false)
#3 C:\coding\public\index.php(37): CodeIgniter\CodeIgniter->run()
#4 C:\coding\system\Commands\Server\rewrite.php(43): require_once('C:\\coding\\publi...')
#5 {main}
