CRITICAL - 2023-11-27 20:09:43 --> Undefined variable $pacaran
#0 C:\coding\app\Views\barang.php(32): CodeIgniter\Debug\Exceptions->errorHandler(2, 'Undefined varia...', 'C:\\coding\\app\\V...', 32)
#1 C:\coding\system\View\View.php(210): include('C:\\coding\\app\\V...')
#2 C:\coding\system\View\View.php(213): CodeIgniter\View\View->CodeIgniter\View\{closure}()
#3 C:\coding\system\Common.php(1089): CodeIgniter\View\View->render('barang', Array, true)
#4 C:\coding\app\Views\index.php(485): view('barang')
#5 C:\coding\system\View\View.php(210): include('C:\\coding\\app\\V...')
#6 C:\coding\system\View\View.php(213): CodeIgniter\View\View->CodeIgniter\View\{closure}()
#7 C:\coding\system\Common.php(1089): CodeIgniter\View\View->render('index', Array, true)
#8 C:\coding\app\Controllers\Home.php(63): view('index', Array)
#9 C:\coding\system\CodeIgniter.php(832): App\Controllers\Home->barang()
#10 C:\coding\system\CodeIgniter.php(419): CodeIgniter\CodeIgniter->runController(Object(App\Controllers\Home))
#11 C:\coding\system\CodeIgniter.php(326): CodeIgniter\CodeIgniter->handleRequest(NULL, Object(Config\Cache), false)
#12 C:\coding\public\index.php(37): CodeIgniter\CodeIgniter->run()
#13 C:\coding\system\Commands\Server\rewrite.php(43): require_once('C:\\coding\\publi...')
#14 {main}
CRITICAL - 2023-11-27 20:11:24 --> Undefined variable $pacaran
#0 C:\coding\app\Views\barang.php(32): CodeIgniter\Debug\Exceptions->errorHandler(2, 'Undefined varia...', 'C:\\coding\\app\\V...', 32)
#1 C:\coding\system\View\View.php(210): include('C:\\coding\\app\\V...')
#2 C:\coding\system\View\View.php(213): CodeIgniter\View\View->CodeIgniter\View\{closure}()
#3 C:\coding\system\Common.php(1089): CodeIgniter\View\View->render('barang', Array, true)
#4 C:\coding\app\Views\index.php(485): view('barang')
#5 C:\coding\system\View\View.php(210): include('C:\\coding\\app\\V...')
#6 C:\coding\system\View\View.php(213): CodeIgniter\View\View->CodeIgniter\View\{closure}()
#7 C:\coding\system\Common.php(1089): CodeIgniter\View\View->render('index', Array, true)
#8 C:\coding\app\Controllers\Home.php(63): view('index', Array)
#9 C:\coding\system\CodeIgniter.php(832): App\Controllers\Home->barang()
#10 C:\coding\system\CodeIgniter.php(419): CodeIgniter\CodeIgniter->runController(Object(App\Controllers\Home))
#11 C:\coding\system\CodeIgniter.php(326): CodeIgniter\CodeIgniter->handleRequest(NULL, Object(Config\Cache), false)
#12 C:\coding\public\index.php(37): CodeIgniter\CodeIgniter->run()
#13 C:\coding\system\Commands\Server\rewrite.php(43): require_once('C:\\coding\\publi...')
#14 {main}
CRITICAL - 2023-11-27 20:11:37 --> Undefined variable $pacaran
#0 C:\coding\app\Views\barang.php(32): CodeIgniter\Debug\Exceptions->errorHandler(2, 'Undefined varia...', 'C:\\coding\\app\\V...', 32)
#1 C:\coding\system\View\View.php(210): include('C:\\coding\\app\\V...')
#2 C:\coding\system\View\View.php(213): CodeIgniter\View\View->CodeIgniter\View\{closure}()
#3 C:\coding\system\Common.php(1089): CodeIgniter\View\View->render('barang', Array, true)
#4 C:\coding\app\Views\index.php(485): view('barang')
#5 C:\coding\system\View\View.php(210): include('C:\\coding\\app\\V...')
#6 C:\coding\system\View\View.php(213): CodeIgniter\View\View->CodeIgniter\View\{closure}()
#7 C:\coding\system\Common.php(1089): CodeIgniter\View\View->render('index', Array, true)
#8 C:\coding\app\Controllers\Home.php(63): view('index', Array)
#9 C:\coding\system\CodeIgniter.php(832): App\Controllers\Home->barang()
#10 C:\coding\system\CodeIgniter.php(419): CodeIgniter\CodeIgniter->runController(Object(App\Controllers\Home))
#11 C:\coding\system\CodeIgniter.php(326): CodeIgniter\CodeIgniter->handleRequest(NULL, Object(Config\Cache), false)
#12 C:\coding\public\index.php(37): CodeIgniter\CodeIgniter->run()
#13 C:\coding\system\Commands\Server\rewrite.php(43): require_once('C:\\coding\\publi...')
#14 {main}
CRITICAL - 2023-11-27 20:34:08 --> Undefined variable $no
#0 C:\coding\app\Views\sales.php(36): CodeIgniter\Debug\Exceptions->errorHandler(2, 'Undefined varia...', 'C:\\coding\\app\\V...', 36)
#1 C:\coding\system\View\View.php(210): include('C:\\coding\\app\\V...')
#2 C:\coding\system\View\View.php(213): CodeIgniter\View\View->CodeIgniter\View\{closure}()
#3 C:\coding\system\Common.php(1089): CodeIgniter\View\View->render('sales', Array, true)
#4 C:\coding\app\Views\index.php(485): view('sales')
#5 C:\coding\system\View\View.php(210): include('C:\\coding\\app\\V...')
#6 C:\coding\system\View\View.php(213): CodeIgniter\View\View->CodeIgniter\View\{closure}()
#7 C:\coding\system\Common.php(1089): CodeIgniter\View\View->render('index', Array, true)
#8 C:\coding\app\Controllers\Home.php(18): view('index', Array)
#9 C:\coding\system\CodeIgniter.php(832): App\Controllers\Home->index()
#10 C:\coding\system\CodeIgniter.php(419): CodeIgniter\CodeIgniter->runController(Object(App\Controllers\Home))
#11 C:\coding\system\CodeIgniter.php(326): CodeIgniter\CodeIgniter->handleRequest(NULL, Object(Config\Cache), false)
#12 C:\coding\public\index.php(37): CodeIgniter\CodeIgniter->run()
#13 C:\coding\system\Commands\Server\rewrite.php(43): require_once('C:\\coding\\publi...')
#14 {main}
CRITICAL - 2023-11-27 20:36:24 --> syntax error, unexpected token "++", expecting "," or ";"
#0 C:\coding\system\View\View.php(213): CodeIgniter\View\View->CodeIgniter\View\{closure}()
#1 C:\coding\system\Common.php(1089): CodeIgniter\View\View->render('sales', Array, true)
#2 C:\coding\app\Views\index.php(485): view('sales')
#3 C:\coding\system\View\View.php(210): include('C:\\coding\\app\\V...')
#4 C:\coding\system\View\View.php(213): CodeIgniter\View\View->CodeIgniter\View\{closure}()
#5 C:\coding\system\Common.php(1089): CodeIgniter\View\View->render('index', Array, true)
#6 C:\coding\app\Controllers\Home.php(18): view('index', Array)
#7 C:\coding\system\CodeIgniter.php(832): App\Controllers\Home->index()
#8 C:\coding\system\CodeIgniter.php(419): CodeIgniter\CodeIgniter->runController(Object(App\Controllers\Home))
#9 C:\coding\system\CodeIgniter.php(326): CodeIgniter\CodeIgniter->handleRequest(NULL, Object(Config\Cache), false)
#10 C:\coding\public\index.php(37): CodeIgniter\CodeIgniter->run()
#11 C:\coding\system\Commands\Server\rewrite.php(43): require_once('C:\\coding\\publi...')
#12 {main}
CRITICAL - 2023-11-27 20:37:11 --> Undefined variable $no
#0 C:\coding\app\Views\sales.php(36): CodeIgniter\Debug\Exceptions->errorHandler(2, 'Undefined varia...', 'C:\\coding\\app\\V...', 36)
#1 C:\coding\system\View\View.php(210): include('C:\\coding\\app\\V...')
#2 C:\coding\system\View\View.php(213): CodeIgniter\View\View->CodeIgniter\View\{closure}()
#3 C:\coding\system\Common.php(1089): CodeIgniter\View\View->render('sales', Array, true)
#4 C:\coding\app\Views\index.php(485): view('sales')
#5 C:\coding\system\View\View.php(210): include('C:\\coding\\app\\V...')
#6 C:\coding\system\View\View.php(213): CodeIgniter\View\View->CodeIgniter\View\{closure}()
#7 C:\coding\system\Common.php(1089): CodeIgniter\View\View->render('index', Array, true)
#8 C:\coding\app\Controllers\Home.php(18): view('index', Array)
#9 C:\coding\system\CodeIgniter.php(832): App\Controllers\Home->index()
#10 C:\coding\system\CodeIgniter.php(419): CodeIgniter\CodeIgniter->runController(Object(App\Controllers\Home))
#11 C:\coding\system\CodeIgniter.php(326): CodeIgniter\CodeIgniter->handleRequest(NULL, Object(Config\Cache), false)
#12 C:\coding\public\index.php(37): CodeIgniter\CodeIgniter->run()
#13 C:\coding\system\Commands\Server\rewrite.php(43): require_once('C:\\coding\\publi...')
#14 {main}
CRITICAL - 2023-11-27 20:38:22 --> Undefined variable $no
#0 C:\coding\app\Views\sales.php(36): CodeIgniter\Debug\Exceptions->errorHandler(2, 'Undefined varia...', 'C:\\coding\\app\\V...', 36)
#1 C:\coding\system\View\View.php(210): include('C:\\coding\\app\\V...')
#2 C:\coding\system\View\View.php(213): CodeIgniter\View\View->CodeIgniter\View\{closure}()
#3 C:\coding\system\Common.php(1089): CodeIgniter\View\View->render('sales', Array, true)
#4 C:\coding\app\Views\index.php(485): view('sales')
#5 C:\coding\system\View\View.php(210): include('C:\\coding\\app\\V...')
#6 C:\coding\system\View\View.php(213): CodeIgniter\View\View->CodeIgniter\View\{closure}()
#7 C:\coding\system\Common.php(1089): CodeIgniter\View\View->render('index', Array, true)
#8 C:\coding\app\Controllers\Home.php(18): view('index', Array)
#9 C:\coding\system\CodeIgniter.php(832): App\Controllers\Home->index()
#10 C:\coding\system\CodeIgniter.php(419): CodeIgniter\CodeIgniter->runController(Object(App\Controllers\Home))
#11 C:\coding\system\CodeIgniter.php(326): CodeIgniter\CodeIgniter->handleRequest(NULL, Object(Config\Cache), false)
#12 C:\coding\public\index.php(37): CodeIgniter\CodeIgniter->run()
#13 C:\coding\system\Commands\Server\rewrite.php(43): require_once('C:\\coding\\publi...')
#14 {main}
CRITICAL - 2023-11-27 20:38:38 --> syntax error, unexpected token "foreach"
#0 C:\coding\system\View\View.php(213): CodeIgniter\View\View->CodeIgniter\View\{closure}()
#1 C:\coding\system\Common.php(1089): CodeIgniter\View\View->render('sales', Array, true)
#2 C:\coding\app\Views\index.php(485): view('sales')
#3 C:\coding\system\View\View.php(210): include('C:\\coding\\app\\V...')
#4 C:\coding\system\View\View.php(213): CodeIgniter\View\View->CodeIgniter\View\{closure}()
#5 C:\coding\system\Common.php(1089): CodeIgniter\View\View->render('index', Array, true)
#6 C:\coding\app\Controllers\Home.php(18): view('index', Array)
#7 C:\coding\system\CodeIgniter.php(832): App\Controllers\Home->index()
#8 C:\coding\system\CodeIgniter.php(419): CodeIgniter\CodeIgniter->runController(Object(App\Controllers\Home))
#9 C:\coding\system\CodeIgniter.php(326): CodeIgniter\CodeIgniter->handleRequest(NULL, Object(Config\Cache), false)
#10 C:\coding\public\index.php(37): CodeIgniter\CodeIgniter->run()
#11 C:\coding\system\Commands\Server\rewrite.php(43): require_once('C:\\coding\\publi...')
#12 {main}
CRITICAL - 2023-11-27 20:50:39 --> Undefined variable $pacaran
#0 C:\coding\app\Views\customer.php(34): CodeIgniter\Debug\Exceptions->errorHandler(2, 'Undefined varia...', 'C:\\coding\\app\\V...', 34)
#1 C:\coding\system\View\View.php(210): include('C:\\coding\\app\\V...')
#2 C:\coding\system\View\View.php(213): CodeIgniter\View\View->CodeIgniter\View\{closure}()
#3 C:\coding\system\Common.php(1089): CodeIgniter\View\View->render('customer', Array, true)
#4 C:\coding\app\Views\index.php(485): view('customer')
#5 C:\coding\system\View\View.php(210): include('C:\\coding\\app\\V...')
#6 C:\coding\system\View\View.php(213): CodeIgniter\View\View->CodeIgniter\View\{closure}()
#7 C:\coding\system\Common.php(1089): CodeIgniter\View\View->render('index', Array, true)
#8 C:\coding\app\Controllers\Home.php(27): view('index', Array)
#9 C:\coding\system\CodeIgniter.php(832): App\Controllers\Home->customer()
#10 C:\coding\system\CodeIgniter.php(419): CodeIgniter\CodeIgniter->runController(Object(App\Controllers\Home))
#11 C:\coding\system\CodeIgniter.php(326): CodeIgniter\CodeIgniter->handleRequest(NULL, Object(Config\Cache), false)
#12 C:\coding\public\index.php(37): CodeIgniter\CodeIgniter->run()
#13 C:\coding\system\Commands\Server\rewrite.php(43): require_once('C:\\coding\\publi...')
#14 {main}
CRITICAL - 2023-11-27 20:52:47 --> Undefined variable $pacaran
#0 C:\coding\app\Views\customer.php(33): CodeIgniter\Debug\Exceptions->errorHandler(2, 'Undefined varia...', 'C:\\coding\\app\\V...', 33)
#1 C:\coding\system\View\View.php(210): include('C:\\coding\\app\\V...')
#2 C:\coding\system\View\View.php(213): CodeIgniter\View\View->CodeIgniter\View\{closure}()
#3 C:\coding\system\Common.php(1089): CodeIgniter\View\View->render('customer', Array, true)
#4 C:\coding\app\Views\index.php(485): view('customer')
#5 C:\coding\system\View\View.php(210): include('C:\\coding\\app\\V...')
#6 C:\coding\system\View\View.php(213): CodeIgniter\View\View->CodeIgniter\View\{closure}()
#7 C:\coding\system\Common.php(1089): CodeIgniter\View\View->render('index', Array, true)
#8 C:\coding\app\Controllers\Home.php(27): view('index', Array)
#9 C:\coding\system\CodeIgniter.php(832): App\Controllers\Home->customer()
#10 C:\coding\system\CodeIgniter.php(419): CodeIgniter\CodeIgniter->runController(Object(App\Controllers\Home))
#11 C:\coding\system\CodeIgniter.php(326): CodeIgniter\CodeIgniter->handleRequest(NULL, Object(Config\Cache), false)
#12 C:\coding\public\index.php(37): CodeIgniter\CodeIgniter->run()
#13 C:\coding\system\Commands\Server\rewrite.php(43): require_once('C:\\coding\\publi...')
#14 {main}
CRITICAL - 2023-11-27 20:52:48 --> Undefined variable $pacaran
#0 C:\coding\app\Views\customer.php(33): CodeIgniter\Debug\Exceptions->errorHandler(2, 'Undefined varia...', 'C:\\coding\\app\\V...', 33)
#1 C:\coding\system\View\View.php(210): include('C:\\coding\\app\\V...')
#2 C:\coding\system\View\View.php(213): CodeIgniter\View\View->CodeIgniter\View\{closure}()
#3 C:\coding\system\Common.php(1089): CodeIgniter\View\View->render('customer', Array, true)
#4 C:\coding\app\Views\index.php(485): view('customer')
#5 C:\coding\system\View\View.php(210): include('C:\\coding\\app\\V...')
#6 C:\coding\system\View\View.php(213): CodeIgniter\View\View->CodeIgniter\View\{closure}()
#7 C:\coding\system\Common.php(1089): CodeIgniter\View\View->render('index', Array, true)
#8 C:\coding\app\Controllers\Home.php(27): view('index', Array)
#9 C:\coding\system\CodeIgniter.php(832): App\Controllers\Home->customer()
#10 C:\coding\system\CodeIgniter.php(419): CodeIgniter\CodeIgniter->runController(Object(App\Controllers\Home))
#11 C:\coding\system\CodeIgniter.php(326): CodeIgniter\CodeIgniter->handleRequest(NULL, Object(Config\Cache), false)
#12 C:\coding\public\index.php(37): CodeIgniter\CodeIgniter->run()
#13 C:\coding\system\Commands\Server\rewrite.php(43): require_once('C:\\coding\\publi...')
#14 {main}
CRITICAL - 2023-11-27 20:52:49 --> Undefined variable $pacaran
#0 C:\coding\app\Views\customer.php(33): CodeIgniter\Debug\Exceptions->errorHandler(2, 'Undefined varia...', 'C:\\coding\\app\\V...', 33)
#1 C:\coding\system\View\View.php(210): include('C:\\coding\\app\\V...')
#2 C:\coding\system\View\View.php(213): CodeIgniter\View\View->CodeIgniter\View\{closure}()
#3 C:\coding\system\Common.php(1089): CodeIgniter\View\View->render('customer', Array, true)
#4 C:\coding\app\Views\index.php(485): view('customer')
#5 C:\coding\system\View\View.php(210): include('C:\\coding\\app\\V...')
#6 C:\coding\system\View\View.php(213): CodeIgniter\View\View->CodeIgniter\View\{closure}()
#7 C:\coding\system\Common.php(1089): CodeIgniter\View\View->render('index', Array, true)
#8 C:\coding\app\Controllers\Home.php(27): view('index', Array)
#9 C:\coding\system\CodeIgniter.php(832): App\Controllers\Home->customer()
#10 C:\coding\system\CodeIgniter.php(419): CodeIgniter\CodeIgniter->runController(Object(App\Controllers\Home))
#11 C:\coding\system\CodeIgniter.php(326): CodeIgniter\CodeIgniter->handleRequest(NULL, Object(Config\Cache), false)
#12 C:\coding\public\index.php(37): CodeIgniter\CodeIgniter->run()
#13 C:\coding\system\Commands\Server\rewrite.php(43): require_once('C:\\coding\\publi...')
#14 {main}
CRITICAL - 2023-11-27 20:52:50 --> Undefined variable $pacaran
#0 C:\coding\app\Views\customer.php(33): CodeIgniter\Debug\Exceptions->errorHandler(2, 'Undefined varia...', 'C:\\coding\\app\\V...', 33)
#1 C:\coding\system\View\View.php(210): include('C:\\coding\\app\\V...')
#2 C:\coding\system\View\View.php(213): CodeIgniter\View\View->CodeIgniter\View\{closure}()
#3 C:\coding\system\Common.php(1089): CodeIgniter\View\View->render('customer', Array, true)
#4 C:\coding\app\Views\index.php(485): view('customer')
#5 C:\coding\system\View\View.php(210): include('C:\\coding\\app\\V...')
#6 C:\coding\system\View\View.php(213): CodeIgniter\View\View->CodeIgniter\View\{closure}()
#7 C:\coding\system\Common.php(1089): CodeIgniter\View\View->render('index', Array, true)
#8 C:\coding\app\Controllers\Home.php(27): view('index', Array)
#9 C:\coding\system\CodeIgniter.php(832): App\Controllers\Home->customer()
#10 C:\coding\system\CodeIgniter.php(419): CodeIgniter\CodeIgniter->runController(Object(App\Controllers\Home))
#11 C:\coding\system\CodeIgniter.php(326): CodeIgniter\CodeIgniter->handleRequest(NULL, Object(Config\Cache), false)
#12 C:\coding\public\index.php(37): CodeIgniter\CodeIgniter->run()
#13 C:\coding\system\Commands\Server\rewrite.php(43): require_once('C:\\coding\\publi...')
#14 {main}
CRITICAL - 2023-11-27 20:53:02 --> Undefined variable $pacaran
#0 C:\coding\app\Views\customer.php(33): CodeIgniter\Debug\Exceptions->errorHandler(2, 'Undefined varia...', 'C:\\coding\\app\\V...', 33)
#1 C:\coding\system\View\View.php(210): include('C:\\coding\\app\\V...')
#2 C:\coding\system\View\View.php(213): CodeIgniter\View\View->CodeIgniter\View\{closure}()
#3 C:\coding\system\Common.php(1089): CodeIgniter\View\View->render('customer', Array, true)
#4 C:\coding\app\Views\index.php(485): view('customer')
#5 C:\coding\system\View\View.php(210): include('C:\\coding\\app\\V...')
#6 C:\coding\system\View\View.php(213): CodeIgniter\View\View->CodeIgniter\View\{closure}()
#7 C:\coding\system\Common.php(1089): CodeIgniter\View\View->render('index', Array, true)
#8 C:\coding\app\Controllers\Home.php(27): view('index', Array)
#9 C:\coding\system\CodeIgniter.php(832): App\Controllers\Home->customer()
#10 C:\coding\system\CodeIgniter.php(419): CodeIgniter\CodeIgniter->runController(Object(App\Controllers\Home))
#11 C:\coding\system\CodeIgniter.php(326): CodeIgniter\CodeIgniter->handleRequest(NULL, Object(Config\Cache), false)
#12 C:\coding\public\index.php(37): CodeIgniter\CodeIgniter->run()
#13 C:\coding\system\Commands\Server\rewrite.php(43): require_once('C:\\coding\\publi...')
#14 {main}
CRITICAL - 2023-11-27 20:53:32 --> Undefined variable $pacaran
#0 C:\coding\app\Views\customer.php(33): CodeIgniter\Debug\Exceptions->errorHandler(2, 'Undefined varia...', 'C:\\coding\\app\\V...', 33)
#1 C:\coding\system\View\View.php(210): include('C:\\coding\\app\\V...')
#2 C:\coding\system\View\View.php(213): CodeIgniter\View\View->CodeIgniter\View\{closure}()
#3 C:\coding\system\Common.php(1089): CodeIgniter\View\View->render('customer', Array, true)
#4 C:\coding\app\Views\index.php(485): view('customer')
#5 C:\coding\system\View\View.php(210): include('C:\\coding\\app\\V...')
#6 C:\coding\system\View\View.php(213): CodeIgniter\View\View->CodeIgniter\View\{closure}()
#7 C:\coding\system\Common.php(1089): CodeIgniter\View\View->render('index', Array, true)
#8 C:\coding\app\Controllers\Home.php(27): view('index', Array)
#9 C:\coding\system\CodeIgniter.php(832): App\Controllers\Home->customer()
#10 C:\coding\system\CodeIgniter.php(419): CodeIgniter\CodeIgniter->runController(Object(App\Controllers\Home))
#11 C:\coding\system\CodeIgniter.php(326): CodeIgniter\CodeIgniter->handleRequest(NULL, Object(Config\Cache), false)
#12 C:\coding\public\index.php(37): CodeIgniter\CodeIgniter->run()
#13 C:\coding\system\Commands\Server\rewrite.php(43): require_once('C:\\coding\\publi...')
#14 {main}
CRITICAL - 2023-11-27 20:55:28 --> Undefined variable $pacaran
#0 C:\coding\app\Views\customer.php(33): CodeIgniter\Debug\Exceptions->errorHandler(2, 'Undefined varia...', 'C:\\coding\\app\\V...', 33)
#1 C:\coding\system\View\View.php(210): include('C:\\coding\\app\\V...')
#2 C:\coding\system\View\View.php(213): CodeIgniter\View\View->CodeIgniter\View\{closure}()
#3 C:\coding\system\Common.php(1089): CodeIgniter\View\View->render('customer', Array, true)
#4 C:\coding\app\Views\index.php(485): view('customer')
#5 C:\coding\system\View\View.php(210): include('C:\\coding\\app\\V...')
#6 C:\coding\system\View\View.php(213): CodeIgniter\View\View->CodeIgniter\View\{closure}()
#7 C:\coding\system\Common.php(1089): CodeIgniter\View\View->render('index', Array, true)
#8 C:\coding\app\Controllers\Home.php(27): view('index', Array)
#9 C:\coding\system\CodeIgniter.php(832): App\Controllers\Home->customer()
#10 C:\coding\system\CodeIgniter.php(419): CodeIgniter\CodeIgniter->runController(Object(App\Controllers\Home))
#11 C:\coding\system\CodeIgniter.php(326): CodeIgniter\CodeIgniter->handleRequest(NULL, Object(Config\Cache), false)
#12 C:\coding\public\index.php(37): CodeIgniter\CodeIgniter->run()
#13 C:\coding\system\Commands\Server\rewrite.php(43): require_once('C:\\coding\\publi...')
#14 {main}
