CRITICAL - 2023-10-31 21:09:03 --> Undefined constant "page"
#0 C:\codeigniter4-CodeIgniter4-202f41a\system\View\View.php(210): include()
#1 C:\codeigniter4-CodeIgniter4-202f41a\system\View\View.php(213): CodeIgniter\View\View->CodeIgniter\View\{closure}()
#2 C:\codeigniter4-CodeIgniter4-202f41a\system\Common.php(1089): CodeIgniter\View\View->render('index', Array, true)
#3 C:\codeigniter4-CodeIgniter4-202f41a\app\Controllers\Home.php(9): view('index')
#4 C:\codeigniter4-CodeIgniter4-202f41a\system\CodeIgniter.php(832): App\Controllers\Home->index()
#5 C:\codeigniter4-CodeIgniter4-202f41a\system\CodeIgniter.php(419): CodeIgniter\CodeIgniter->runController(Object(App\Controllers\Home))
#6 C:\codeigniter4-CodeIgniter4-202f41a\system\CodeIgniter.php(326): CodeIgniter\CodeIgniter->handleRequest(NULL, Object(Config\Cache), false)
#7 C:\codeigniter4-CodeIgniter4-202f41a\public\index.php(37): CodeIgniter\CodeIgniter->run()
#8 C:\codeigniter4-CodeIgniter4-202f41a\system\Commands\Server\rewrite.php(43): require_once('C:\\codeigniter4...')
#9 {main}
CRITICAL - 2023-10-31 21:09:21 --> Undefined variable $page
#0 C:\codeigniter4-CodeIgniter4-202f41a\app\Views\index.php(602): CodeIgniter\Debug\Exceptions->errorHandler(2, 'Undefined varia...', 'C:\\codeigniter4...', 602)
#1 C:\codeigniter4-CodeIgniter4-202f41a\system\View\View.php(210): include('C:\\codeigniter4...')
#2 C:\codeigniter4-CodeIgniter4-202f41a\system\View\View.php(213): CodeIgniter\View\View->CodeIgniter\View\{closure}()
#3 C:\codeigniter4-CodeIgniter4-202f41a\system\Common.php(1089): CodeIgniter\View\View->render('index', Array, true)
#4 C:\codeigniter4-CodeIgniter4-202f41a\app\Controllers\Home.php(9): view('index')
#5 C:\codeigniter4-CodeIgniter4-202f41a\system\CodeIgniter.php(832): App\Controllers\Home->index()
#6 C:\codeigniter4-CodeIgniter4-202f41a\system\CodeIgniter.php(419): CodeIgniter\CodeIgniter->runController(Object(App\Controllers\Home))
#7 C:\codeigniter4-CodeIgniter4-202f41a\system\CodeIgniter.php(326): CodeIgniter\CodeIgniter->handleRequest(NULL, Object(Config\Cache), false)
#8 C:\codeigniter4-CodeIgniter4-202f41a\public\index.php(37): CodeIgniter\CodeIgniter->run()
#9 C:\codeigniter4-CodeIgniter4-202f41a\system\Commands\Server\rewrite.php(43): require_once('C:\\codeigniter4...')
#10 {main}
CRITICAL - 2023-10-31 21:09:22 --> Undefined variable $page
#0 C:\codeigniter4-CodeIgniter4-202f41a\app\Views\index.php(602): CodeIgniter\Debug\Exceptions->errorHandler(2, 'Undefined varia...', 'C:\\codeigniter4...', 602)
#1 C:\codeigniter4-CodeIgniter4-202f41a\system\View\View.php(210): include('C:\\codeigniter4...')
#2 C:\codeigniter4-CodeIgniter4-202f41a\system\View\View.php(213): CodeIgniter\View\View->CodeIgniter\View\{closure}()
#3 C:\codeigniter4-CodeIgniter4-202f41a\system\Common.php(1089): CodeIgniter\View\View->render('index', Array, true)
#4 C:\codeigniter4-CodeIgniter4-202f41a\app\Controllers\Home.php(9): view('index')
#5 C:\codeigniter4-CodeIgniter4-202f41a\system\CodeIgniter.php(832): App\Controllers\Home->index()
#6 C:\codeigniter4-CodeIgniter4-202f41a\system\CodeIgniter.php(419): CodeIgniter\CodeIgniter->runController(Object(App\Controllers\Home))
#7 C:\codeigniter4-CodeIgniter4-202f41a\system\CodeIgniter.php(326): CodeIgniter\CodeIgniter->handleRequest(NULL, Object(Config\Cache), false)
#8 C:\codeigniter4-CodeIgniter4-202f41a\public\index.php(37): CodeIgniter\CodeIgniter->run()
#9 C:\codeigniter4-CodeIgniter4-202f41a\system\Commands\Server\rewrite.php(43): require_once('C:\\codeigniter4...')
#10 {main}
CRITICAL - 2023-10-31 21:09:23 --> Undefined variable $page
#0 C:\codeigniter4-CodeIgniter4-202f41a\app\Views\index.php(602): CodeIgniter\Debug\Exceptions->errorHandler(2, 'Undefined varia...', 'C:\\codeigniter4...', 602)
#1 C:\codeigniter4-CodeIgniter4-202f41a\system\View\View.php(210): include('C:\\codeigniter4...')
#2 C:\codeigniter4-CodeIgniter4-202f41a\system\View\View.php(213): CodeIgniter\View\View->CodeIgniter\View\{closure}()
#3 C:\codeigniter4-CodeIgniter4-202f41a\system\Common.php(1089): CodeIgniter\View\View->render('index', Array, true)
#4 C:\codeigniter4-CodeIgniter4-202f41a\app\Controllers\Home.php(9): view('index')
#5 C:\codeigniter4-CodeIgniter4-202f41a\system\CodeIgniter.php(832): App\Controllers\Home->index()
#6 C:\codeigniter4-CodeIgniter4-202f41a\system\CodeIgniter.php(419): CodeIgniter\CodeIgniter->runController(Object(App\Controllers\Home))
#7 C:\codeigniter4-CodeIgniter4-202f41a\system\CodeIgniter.php(326): CodeIgniter\CodeIgniter->handleRequest(NULL, Object(Config\Cache), false)
#8 C:\codeigniter4-CodeIgniter4-202f41a\public\index.php(37): CodeIgniter\CodeIgniter->run()
#9 C:\codeigniter4-CodeIgniter4-202f41a\system\Commands\Server\rewrite.php(43): require_once('C:\\codeigniter4...')
#10 {main}
CRITICAL - 2023-10-31 21:09:39 --> Undefined variable $page
#0 C:\codeigniter4-CodeIgniter4-202f41a\app\Views\index.php(602): CodeIgniter\Debug\Exceptions->errorHandler(2, 'Undefined varia...', 'C:\\codeigniter4...', 602)
#1 C:\codeigniter4-CodeIgniter4-202f41a\system\View\View.php(210): include('C:\\codeigniter4...')
#2 C:\codeigniter4-CodeIgniter4-202f41a\system\View\View.php(213): CodeIgniter\View\View->CodeIgniter\View\{closure}()
#3 C:\codeigniter4-CodeIgniter4-202f41a\system\Common.php(1089): CodeIgniter\View\View->render('index', Array, true)
#4 C:\codeigniter4-CodeIgniter4-202f41a\app\Controllers\Home.php(9): view('index')
#5 C:\codeigniter4-CodeIgniter4-202f41a\system\CodeIgniter.php(832): App\Controllers\Home->index()
#6 C:\codeigniter4-CodeIgniter4-202f41a\system\CodeIgniter.php(419): CodeIgniter\CodeIgniter->runController(Object(App\Controllers\Home))
#7 C:\codeigniter4-CodeIgniter4-202f41a\system\CodeIgniter.php(326): CodeIgniter\CodeIgniter->handleRequest(NULL, Object(Config\Cache), false)
#8 C:\codeigniter4-CodeIgniter4-202f41a\public\index.php(37): CodeIgniter\CodeIgniter->run()
#9 C:\codeigniter4-CodeIgniter4-202f41a\system\Commands\Server\rewrite.php(43): require_once('C:\\codeigniter4...')
#10 {main}
CRITICAL - 2023-10-31 21:12:16 --> Unclosed '{' on line 8 does not match ')'
#0 C:\codeigniter4-CodeIgniter4-202f41a\system\Autoloader\Autoloader.php(241): CodeIgniter\Autoloader\Autoloader->includeFile('C:\\codeigniter4...')
#1 C:\codeigniter4-CodeIgniter4-202f41a\system\Autoloader\Autoloader.php(219): CodeIgniter\Autoloader\Autoloader->loadInNamespace('App\\Controllers...')
#2 [internal function]: CodeIgniter\Autoloader\Autoloader->loadClass('App\\Controllers...')
#3 C:\codeigniter4-CodeIgniter4-202f41a\system\CodeIgniter.php(797): class_exists('\\App\\Controller...', true)
#4 C:\codeigniter4-CodeIgniter4-202f41a\system\CodeIgniter.php(406): CodeIgniter\CodeIgniter->startController()
#5 C:\codeigniter4-CodeIgniter4-202f41a\system\CodeIgniter.php(326): CodeIgniter\CodeIgniter->handleRequest(NULL, Object(Config\Cache), false)
#6 C:\codeigniter4-CodeIgniter4-202f41a\public\index.php(37): CodeIgniter\CodeIgniter->run()
#7 C:\codeigniter4-CodeIgniter4-202f41a\system\Commands\Server\rewrite.php(43): require_once('C:\\codeigniter4...')
#8 {main}
CRITICAL - 2023-10-31 21:13:04 --> Can't use function return value in write context
#0 [internal function]: CodeIgniter\Debug\Exceptions->shutdownHandler()
#1 {main}
CRITICAL - 2023-10-31 21:13:18 --> Undefined variable $page
#0 C:\codeigniter4-CodeIgniter4-202f41a\app\Views\index.php(602): CodeIgniter\Debug\Exceptions->errorHandler(2, 'Undefined varia...', 'C:\\codeigniter4...', 602)
#1 C:\codeigniter4-CodeIgniter4-202f41a\system\View\View.php(210): include('C:\\codeigniter4...')
#2 C:\codeigniter4-CodeIgniter4-202f41a\system\View\View.php(213): CodeIgniter\View\View->CodeIgniter\View\{closure}()
#3 C:\codeigniter4-CodeIgniter4-202f41a\system\Common.php(1089): CodeIgniter\View\View->render('index', Array, true)
#4 C:\codeigniter4-CodeIgniter4-202f41a\app\Controllers\Home.php(10): view('index')
#5 C:\codeigniter4-CodeIgniter4-202f41a\system\CodeIgniter.php(832): App\Controllers\Home->index()
#6 C:\codeigniter4-CodeIgniter4-202f41a\system\CodeIgniter.php(419): CodeIgniter\CodeIgniter->runController(Object(App\Controllers\Home))
#7 C:\codeigniter4-CodeIgniter4-202f41a\system\CodeIgniter.php(326): CodeIgniter\CodeIgniter->handleRequest(NULL, Object(Config\Cache), false)
#8 C:\codeigniter4-CodeIgniter4-202f41a\public\index.php(37): CodeIgniter\CodeIgniter->run()
#9 C:\codeigniter4-CodeIgniter4-202f41a\system\Commands\Server\rewrite.php(43): require_once('C:\\codeigniter4...')
#10 {main}
CRITICAL - 2023-10-31 21:41:02 --> syntax error, unexpected token "}", expecting ";"
#0 C:\codeigniter4-CodeIgniter4-202f41a\system\Autoloader\Autoloader.php(241): CodeIgniter\Autoloader\Autoloader->includeFile('C:\\codeigniter4...')
#1 C:\codeigniter4-CodeIgniter4-202f41a\system\Autoloader\Autoloader.php(219): CodeIgniter\Autoloader\Autoloader->loadInNamespace('App\\Controllers...')
#2 [internal function]: CodeIgniter\Autoloader\Autoloader->loadClass('App\\Controllers...')
#3 C:\codeigniter4-CodeIgniter4-202f41a\system\CodeIgniter.php(797): class_exists('\\App\\Controller...', true)
#4 C:\codeigniter4-CodeIgniter4-202f41a\system\CodeIgniter.php(406): CodeIgniter\CodeIgniter->startController()
#5 C:\codeigniter4-CodeIgniter4-202f41a\system\CodeIgniter.php(326): CodeIgniter\CodeIgniter->handleRequest(NULL, Object(Config\Cache), false)
#6 C:\codeigniter4-CodeIgniter4-202f41a\public\index.php(37): CodeIgniter\CodeIgniter->run()
#7 C:\codeigniter4-CodeIgniter4-202f41a\system\Commands\Server\rewrite.php(43): require_once('C:\\codeigniter4...')
#8 {main}
CRITICAL - 2023-10-31 21:41:27 --> syntax error, unexpected token "}", expecting ";"
#0 C:\codeigniter4-CodeIgniter4-202f41a\system\Autoloader\Autoloader.php(241): CodeIgniter\Autoloader\Autoloader->includeFile('C:\\codeigniter4...')
#1 C:\codeigniter4-CodeIgniter4-202f41a\system\Autoloader\Autoloader.php(219): CodeIgniter\Autoloader\Autoloader->loadInNamespace('App\\Controllers...')
#2 [internal function]: CodeIgniter\Autoloader\Autoloader->loadClass('App\\Controllers...')
#3 C:\codeigniter4-CodeIgniter4-202f41a\system\CodeIgniter.php(797): class_exists('\\App\\Controller...', true)
#4 C:\codeigniter4-CodeIgniter4-202f41a\system\CodeIgniter.php(406): CodeIgniter\CodeIgniter->startController()
#5 C:\codeigniter4-CodeIgniter4-202f41a\system\CodeIgniter.php(326): CodeIgniter\CodeIgniter->handleRequest(NULL, Object(Config\Cache), false)
#6 C:\codeigniter4-CodeIgniter4-202f41a\public\index.php(37): CodeIgniter\CodeIgniter->run()
#7 C:\codeigniter4-CodeIgniter4-202f41a\system\Commands\Server\rewrite.php(43): require_once('C:\\codeigniter4...')
#8 {main}
CRITICAL - 2023-10-31 21:41:30 --> syntax error, unexpected token "}", expecting ";"
#0 C:\codeigniter4-CodeIgniter4-202f41a\system\Autoloader\Autoloader.php(241): CodeIgniter\Autoloader\Autoloader->includeFile('C:\\codeigniter4...')
#1 C:\codeigniter4-CodeIgniter4-202f41a\system\Autoloader\Autoloader.php(219): CodeIgniter\Autoloader\Autoloader->loadInNamespace('App\\Controllers...')
#2 [internal function]: CodeIgniter\Autoloader\Autoloader->loadClass('App\\Controllers...')
#3 C:\codeigniter4-CodeIgniter4-202f41a\system\CodeIgniter.php(797): class_exists('\\App\\Controller...', true)
#4 C:\codeigniter4-CodeIgniter4-202f41a\system\CodeIgniter.php(406): CodeIgniter\CodeIgniter->startController()
#5 C:\codeigniter4-CodeIgniter4-202f41a\system\CodeIgniter.php(326): CodeIgniter\CodeIgniter->handleRequest(NULL, Object(Config\Cache), false)
#6 C:\codeigniter4-CodeIgniter4-202f41a\public\index.php(37): CodeIgniter\CodeIgniter->run()
#7 C:\codeigniter4-CodeIgniter4-202f41a\system\Commands\Server\rewrite.php(43): require_once('C:\\codeigniter4...')
#8 {main}
CRITICAL - 2023-10-31 21:41:30 --> syntax error, unexpected token "}", expecting ";"
#0 C:\codeigniter4-CodeIgniter4-202f41a\system\Autoloader\Autoloader.php(241): CodeIgniter\Autoloader\Autoloader->includeFile('C:\\codeigniter4...')
#1 C:\codeigniter4-CodeIgniter4-202f41a\system\Autoloader\Autoloader.php(219): CodeIgniter\Autoloader\Autoloader->loadInNamespace('App\\Controllers...')
#2 [internal function]: CodeIgniter\Autoloader\Autoloader->loadClass('App\\Controllers...')
#3 C:\codeigniter4-CodeIgniter4-202f41a\system\CodeIgniter.php(797): class_exists('\\App\\Controller...', true)
#4 C:\codeigniter4-CodeIgniter4-202f41a\system\CodeIgniter.php(406): CodeIgniter\CodeIgniter->startController()
#5 C:\codeigniter4-CodeIgniter4-202f41a\system\CodeIgniter.php(326): CodeIgniter\CodeIgniter->handleRequest(NULL, Object(Config\Cache), false)
#6 C:\codeigniter4-CodeIgniter4-202f41a\public\index.php(37): CodeIgniter\CodeIgniter->run()
#7 C:\codeigniter4-CodeIgniter4-202f41a\system\Commands\Server\rewrite.php(43): require_once('C:\\codeigniter4...')
#8 {main}
CRITICAL - 2023-10-31 21:41:31 --> syntax error, unexpected token "}", expecting ";"
#0 C:\codeigniter4-CodeIgniter4-202f41a\system\Autoloader\Autoloader.php(241): CodeIgniter\Autoloader\Autoloader->includeFile('C:\\codeigniter4...')
#1 C:\codeigniter4-CodeIgniter4-202f41a\system\Autoloader\Autoloader.php(219): CodeIgniter\Autoloader\Autoloader->loadInNamespace('App\\Controllers...')
#2 [internal function]: CodeIgniter\Autoloader\Autoloader->loadClass('App\\Controllers...')
#3 C:\codeigniter4-CodeIgniter4-202f41a\system\CodeIgniter.php(797): class_exists('\\App\\Controller...', true)
#4 C:\codeigniter4-CodeIgniter4-202f41a\system\CodeIgniter.php(406): CodeIgniter\CodeIgniter->startController()
#5 C:\codeigniter4-CodeIgniter4-202f41a\system\CodeIgniter.php(326): CodeIgniter\CodeIgniter->handleRequest(NULL, Object(Config\Cache), false)
#6 C:\codeigniter4-CodeIgniter4-202f41a\public\index.php(37): CodeIgniter\CodeIgniter->run()
#7 C:\codeigniter4-CodeIgniter4-202f41a\system\Commands\Server\rewrite.php(43): require_once('C:\\codeigniter4...')
#8 {main}
CRITICAL - 2023-10-31 21:41:31 --> syntax error, unexpected token "}", expecting ";"
#0 C:\codeigniter4-CodeIgniter4-202f41a\system\Autoloader\Autoloader.php(241): CodeIgniter\Autoloader\Autoloader->includeFile('C:\\codeigniter4...')
#1 C:\codeigniter4-CodeIgniter4-202f41a\system\Autoloader\Autoloader.php(219): CodeIgniter\Autoloader\Autoloader->loadInNamespace('App\\Controllers...')
#2 [internal function]: CodeIgniter\Autoloader\Autoloader->loadClass('App\\Controllers...')
#3 C:\codeigniter4-CodeIgniter4-202f41a\system\CodeIgniter.php(797): class_exists('\\App\\Controller...', true)
#4 C:\codeigniter4-CodeIgniter4-202f41a\system\CodeIgniter.php(406): CodeIgniter\CodeIgniter->startController()
#5 C:\codeigniter4-CodeIgniter4-202f41a\system\CodeIgniter.php(326): CodeIgniter\CodeIgniter->handleRequest(NULL, Object(Config\Cache), false)
#6 C:\codeigniter4-CodeIgniter4-202f41a\public\index.php(37): CodeIgniter\CodeIgniter->run()
#7 C:\codeigniter4-CodeIgniter4-202f41a\system\Commands\Server\rewrite.php(43): require_once('C:\\codeigniter4...')
#8 {main}
CRITICAL - 2023-10-31 21:41:31 --> syntax error, unexpected token "}", expecting ";"
#0 C:\codeigniter4-CodeIgniter4-202f41a\system\Autoloader\Autoloader.php(241): CodeIgniter\Autoloader\Autoloader->includeFile('C:\\codeigniter4...')
#1 C:\codeigniter4-CodeIgniter4-202f41a\system\Autoloader\Autoloader.php(219): CodeIgniter\Autoloader\Autoloader->loadInNamespace('App\\Controllers...')
#2 [internal function]: CodeIgniter\Autoloader\Autoloader->loadClass('App\\Controllers...')
#3 C:\codeigniter4-CodeIgniter4-202f41a\system\CodeIgniter.php(797): class_exists('\\App\\Controller...', true)
#4 C:\codeigniter4-CodeIgniter4-202f41a\system\CodeIgniter.php(406): CodeIgniter\CodeIgniter->startController()
#5 C:\codeigniter4-CodeIgniter4-202f41a\system\CodeIgniter.php(326): CodeIgniter\CodeIgniter->handleRequest(NULL, Object(Config\Cache), false)
#6 C:\codeigniter4-CodeIgniter4-202f41a\public\index.php(37): CodeIgniter\CodeIgniter->run()
#7 C:\codeigniter4-CodeIgniter4-202f41a\system\Commands\Server\rewrite.php(43): require_once('C:\\codeigniter4...')
#8 {main}
CRITICAL - 2023-10-31 21:41:31 --> syntax error, unexpected token "}", expecting ";"
#0 C:\codeigniter4-CodeIgniter4-202f41a\system\Autoloader\Autoloader.php(241): CodeIgniter\Autoloader\Autoloader->includeFile('C:\\codeigniter4...')
#1 C:\codeigniter4-CodeIgniter4-202f41a\system\Autoloader\Autoloader.php(219): CodeIgniter\Autoloader\Autoloader->loadInNamespace('App\\Controllers...')
#2 [internal function]: CodeIgniter\Autoloader\Autoloader->loadClass('App\\Controllers...')
#3 C:\codeigniter4-CodeIgniter4-202f41a\system\CodeIgniter.php(797): class_exists('\\App\\Controller...', true)
#4 C:\codeigniter4-CodeIgniter4-202f41a\system\CodeIgniter.php(406): CodeIgniter\CodeIgniter->startController()
#5 C:\codeigniter4-CodeIgniter4-202f41a\system\CodeIgniter.php(326): CodeIgniter\CodeIgniter->handleRequest(NULL, Object(Config\Cache), false)
#6 C:\codeigniter4-CodeIgniter4-202f41a\public\index.php(37): CodeIgniter\CodeIgniter->run()
#7 C:\codeigniter4-CodeIgniter4-202f41a\system\Commands\Server\rewrite.php(43): require_once('C:\\codeigniter4...')
#8 {main}
CRITICAL - 2023-10-31 21:41:32 --> syntax error, unexpected token "}", expecting ";"
#0 C:\codeigniter4-CodeIgniter4-202f41a\system\Autoloader\Autoloader.php(241): CodeIgniter\Autoloader\Autoloader->includeFile('C:\\codeigniter4...')
#1 C:\codeigniter4-CodeIgniter4-202f41a\system\Autoloader\Autoloader.php(219): CodeIgniter\Autoloader\Autoloader->loadInNamespace('App\\Controllers...')
#2 [internal function]: CodeIgniter\Autoloader\Autoloader->loadClass('App\\Controllers...')
#3 C:\codeigniter4-CodeIgniter4-202f41a\system\CodeIgniter.php(797): class_exists('\\App\\Controller...', true)
#4 C:\codeigniter4-CodeIgniter4-202f41a\system\CodeIgniter.php(406): CodeIgniter\CodeIgniter->startController()
#5 C:\codeigniter4-CodeIgniter4-202f41a\system\CodeIgniter.php(326): CodeIgniter\CodeIgniter->handleRequest(NULL, Object(Config\Cache), false)
#6 C:\codeigniter4-CodeIgniter4-202f41a\public\index.php(37): CodeIgniter\CodeIgniter->run()
#7 C:\codeigniter4-CodeIgniter4-202f41a\system\Commands\Server\rewrite.php(43): require_once('C:\\codeigniter4...')
#8 {main}
CRITICAL - 2023-10-31 21:41:32 --> syntax error, unexpected token "}", expecting ";"
#0 C:\codeigniter4-CodeIgniter4-202f41a\system\Autoloader\Autoloader.php(241): CodeIgniter\Autoloader\Autoloader->includeFile('C:\\codeigniter4...')
#1 C:\codeigniter4-CodeIgniter4-202f41a\system\Autoloader\Autoloader.php(219): CodeIgniter\Autoloader\Autoloader->loadInNamespace('App\\Controllers...')
#2 [internal function]: CodeIgniter\Autoloader\Autoloader->loadClass('App\\Controllers...')
#3 C:\codeigniter4-CodeIgniter4-202f41a\system\CodeIgniter.php(797): class_exists('\\App\\Controller...', true)
#4 C:\codeigniter4-CodeIgniter4-202f41a\system\CodeIgniter.php(406): CodeIgniter\CodeIgniter->startController()
#5 C:\codeigniter4-CodeIgniter4-202f41a\system\CodeIgniter.php(326): CodeIgniter\CodeIgniter->handleRequest(NULL, Object(Config\Cache), false)
#6 C:\codeigniter4-CodeIgniter4-202f41a\public\index.php(37): CodeIgniter\CodeIgniter->run()
#7 C:\codeigniter4-CodeIgniter4-202f41a\system\Commands\Server\rewrite.php(43): require_once('C:\\codeigniter4...')
#8 {main}
CRITICAL - 2023-10-31 21:41:32 --> syntax error, unexpected token "}", expecting ";"
#0 C:\codeigniter4-CodeIgniter4-202f41a\system\Autoloader\Autoloader.php(241): CodeIgniter\Autoloader\Autoloader->includeFile('C:\\codeigniter4...')
#1 C:\codeigniter4-CodeIgniter4-202f41a\system\Autoloader\Autoloader.php(219): CodeIgniter\Autoloader\Autoloader->loadInNamespace('App\\Controllers...')
#2 [internal function]: CodeIgniter\Autoloader\Autoloader->loadClass('App\\Controllers...')
#3 C:\codeigniter4-CodeIgniter4-202f41a\system\CodeIgniter.php(797): class_exists('\\App\\Controller...', true)
#4 C:\codeigniter4-CodeIgniter4-202f41a\system\CodeIgniter.php(406): CodeIgniter\CodeIgniter->startController()
#5 C:\codeigniter4-CodeIgniter4-202f41a\system\CodeIgniter.php(326): CodeIgniter\CodeIgniter->handleRequest(NULL, Object(Config\Cache), false)
#6 C:\codeigniter4-CodeIgniter4-202f41a\public\index.php(37): CodeIgniter\CodeIgniter->run()
#7 C:\codeigniter4-CodeIgniter4-202f41a\system\Commands\Server\rewrite.php(43): require_once('C:\\codeigniter4...')
#8 {main}
CRITICAL - 2023-10-31 21:41:33 --> syntax error, unexpected token "}", expecting ";"
#0 C:\codeigniter4-CodeIgniter4-202f41a\system\Autoloader\Autoloader.php(241): CodeIgniter\Autoloader\Autoloader->includeFile('C:\\codeigniter4...')
#1 C:\codeigniter4-CodeIgniter4-202f41a\system\Autoloader\Autoloader.php(219): CodeIgniter\Autoloader\Autoloader->loadInNamespace('App\\Controllers...')
#2 [internal function]: CodeIgniter\Autoloader\Autoloader->loadClass('App\\Controllers...')
#3 C:\codeigniter4-CodeIgniter4-202f41a\system\CodeIgniter.php(797): class_exists('\\App\\Controller...', true)
#4 C:\codeigniter4-CodeIgniter4-202f41a\system\CodeIgniter.php(406): CodeIgniter\CodeIgniter->startController()
#5 C:\codeigniter4-CodeIgniter4-202f41a\system\CodeIgniter.php(326): CodeIgniter\CodeIgniter->handleRequest(NULL, Object(Config\Cache), false)
#6 C:\codeigniter4-CodeIgniter4-202f41a\public\index.php(37): CodeIgniter\CodeIgniter->run()
#7 C:\codeigniter4-CodeIgniter4-202f41a\system\Commands\Server\rewrite.php(43): require_once('C:\\codeigniter4...')
#8 {main}
CRITICAL - 2023-10-31 21:41:33 --> syntax error, unexpected token "}", expecting ";"
#0 C:\codeigniter4-CodeIgniter4-202f41a\system\Autoloader\Autoloader.php(241): CodeIgniter\Autoloader\Autoloader->includeFile('C:\\codeigniter4...')
#1 C:\codeigniter4-CodeIgniter4-202f41a\system\Autoloader\Autoloader.php(219): CodeIgniter\Autoloader\Autoloader->loadInNamespace('App\\Controllers...')
#2 [internal function]: CodeIgniter\Autoloader\Autoloader->loadClass('App\\Controllers...')
#3 C:\codeigniter4-CodeIgniter4-202f41a\system\CodeIgniter.php(797): class_exists('\\App\\Controller...', true)
#4 C:\codeigniter4-CodeIgniter4-202f41a\system\CodeIgniter.php(406): CodeIgniter\CodeIgniter->startController()
#5 C:\codeigniter4-CodeIgniter4-202f41a\system\CodeIgniter.php(326): CodeIgniter\CodeIgniter->handleRequest(NULL, Object(Config\Cache), false)
#6 C:\codeigniter4-CodeIgniter4-202f41a\public\index.php(37): CodeIgniter\CodeIgniter->run()
#7 C:\codeigniter4-CodeIgniter4-202f41a\system\Commands\Server\rewrite.php(43): require_once('C:\\codeigniter4...')
#8 {main}
CRITICAL - 2023-10-31 21:41:33 --> syntax error, unexpected token "}", expecting ";"
#0 C:\codeigniter4-CodeIgniter4-202f41a\system\Autoloader\Autoloader.php(241): CodeIgniter\Autoloader\Autoloader->includeFile('C:\\codeigniter4...')
#1 C:\codeigniter4-CodeIgniter4-202f41a\system\Autoloader\Autoloader.php(219): CodeIgniter\Autoloader\Autoloader->loadInNamespace('App\\Controllers...')
#2 [internal function]: CodeIgniter\Autoloader\Autoloader->loadClass('App\\Controllers...')
#3 C:\codeigniter4-CodeIgniter4-202f41a\system\CodeIgniter.php(797): class_exists('\\App\\Controller...', true)
#4 C:\codeigniter4-CodeIgniter4-202f41a\system\CodeIgniter.php(406): CodeIgniter\CodeIgniter->startController()
#5 C:\codeigniter4-CodeIgniter4-202f41a\system\CodeIgniter.php(326): CodeIgniter\CodeIgniter->handleRequest(NULL, Object(Config\Cache), false)
#6 C:\codeigniter4-CodeIgniter4-202f41a\public\index.php(37): CodeIgniter\CodeIgniter->run()
#7 C:\codeigniter4-CodeIgniter4-202f41a\system\Commands\Server\rewrite.php(43): require_once('C:\\codeigniter4...')
#8 {main}
CRITICAL - 2023-10-31 21:41:34 --> syntax error, unexpected token "}", expecting ";"
#0 C:\codeigniter4-CodeIgniter4-202f41a\system\Autoloader\Autoloader.php(241): CodeIgniter\Autoloader\Autoloader->includeFile('C:\\codeigniter4...')
#1 C:\codeigniter4-CodeIgniter4-202f41a\system\Autoloader\Autoloader.php(219): CodeIgniter\Autoloader\Autoloader->loadInNamespace('App\\Controllers...')
#2 [internal function]: CodeIgniter\Autoloader\Autoloader->loadClass('App\\Controllers...')
#3 C:\codeigniter4-CodeIgniter4-202f41a\system\CodeIgniter.php(797): class_exists('\\App\\Controller...', true)
#4 C:\codeigniter4-CodeIgniter4-202f41a\system\CodeIgniter.php(406): CodeIgniter\CodeIgniter->startController()
#5 C:\codeigniter4-CodeIgniter4-202f41a\system\CodeIgniter.php(326): CodeIgniter\CodeIgniter->handleRequest(NULL, Object(Config\Cache), false)
#6 C:\codeigniter4-CodeIgniter4-202f41a\public\index.php(37): CodeIgniter\CodeIgniter->run()
#7 C:\codeigniter4-CodeIgniter4-202f41a\system\Commands\Server\rewrite.php(43): require_once('C:\\codeigniter4...')
#8 {main}
CRITICAL - 2023-10-31 21:41:34 --> syntax error, unexpected token "}", expecting ";"
#0 C:\codeigniter4-CodeIgniter4-202f41a\system\Autoloader\Autoloader.php(241): CodeIgniter\Autoloader\Autoloader->includeFile('C:\\codeigniter4...')
#1 C:\codeigniter4-CodeIgniter4-202f41a\system\Autoloader\Autoloader.php(219): CodeIgniter\Autoloader\Autoloader->loadInNamespace('App\\Controllers...')
#2 [internal function]: CodeIgniter\Autoloader\Autoloader->loadClass('App\\Controllers...')
#3 C:\codeigniter4-CodeIgniter4-202f41a\system\CodeIgniter.php(797): class_exists('\\App\\Controller...', true)
#4 C:\codeigniter4-CodeIgniter4-202f41a\system\CodeIgniter.php(406): CodeIgniter\CodeIgniter->startController()
#5 C:\codeigniter4-CodeIgniter4-202f41a\system\CodeIgniter.php(326): CodeIgniter\CodeIgniter->handleRequest(NULL, Object(Config\Cache), false)
#6 C:\codeigniter4-CodeIgniter4-202f41a\public\index.php(37): CodeIgniter\CodeIgniter->run()
#7 C:\codeigniter4-CodeIgniter4-202f41a\system\Commands\Server\rewrite.php(43): require_once('C:\\codeigniter4...')
#8 {main}
CRITICAL - 2023-10-31 21:41:34 --> syntax error, unexpected token "}", expecting ";"
#0 C:\codeigniter4-CodeIgniter4-202f41a\system\Autoloader\Autoloader.php(241): CodeIgniter\Autoloader\Autoloader->includeFile('C:\\codeigniter4...')
#1 C:\codeigniter4-CodeIgniter4-202f41a\system\Autoloader\Autoloader.php(219): CodeIgniter\Autoloader\Autoloader->loadInNamespace('App\\Controllers...')
#2 [internal function]: CodeIgniter\Autoloader\Autoloader->loadClass('App\\Controllers...')
#3 C:\codeigniter4-CodeIgniter4-202f41a\system\CodeIgniter.php(797): class_exists('\\App\\Controller...', true)
#4 C:\codeigniter4-CodeIgniter4-202f41a\system\CodeIgniter.php(406): CodeIgniter\CodeIgniter->startController()
#5 C:\codeigniter4-CodeIgniter4-202f41a\system\CodeIgniter.php(326): CodeIgniter\CodeIgniter->handleRequest(NULL, Object(Config\Cache), false)
#6 C:\codeigniter4-CodeIgniter4-202f41a\public\index.php(37): CodeIgniter\CodeIgniter->run()
#7 C:\codeigniter4-CodeIgniter4-202f41a\system\Commands\Server\rewrite.php(43): require_once('C:\\codeigniter4...')
#8 {main}
CRITICAL - 2023-10-31 21:41:34 --> syntax error, unexpected token "}", expecting ";"
#0 C:\codeigniter4-CodeIgniter4-202f41a\system\Autoloader\Autoloader.php(241): CodeIgniter\Autoloader\Autoloader->includeFile('C:\\codeigniter4...')
#1 C:\codeigniter4-CodeIgniter4-202f41a\system\Autoloader\Autoloader.php(219): CodeIgniter\Autoloader\Autoloader->loadInNamespace('App\\Controllers...')
#2 [internal function]: CodeIgniter\Autoloader\Autoloader->loadClass('App\\Controllers...')
#3 C:\codeigniter4-CodeIgniter4-202f41a\system\CodeIgniter.php(797): class_exists('\\App\\Controller...', true)
#4 C:\codeigniter4-CodeIgniter4-202f41a\system\CodeIgniter.php(406): CodeIgniter\CodeIgniter->startController()
#5 C:\codeigniter4-CodeIgniter4-202f41a\system\CodeIgniter.php(326): CodeIgniter\CodeIgniter->handleRequest(NULL, Object(Config\Cache), false)
#6 C:\codeigniter4-CodeIgniter4-202f41a\public\index.php(37): CodeIgniter\CodeIgniter->run()
#7 C:\codeigniter4-CodeIgniter4-202f41a\system\Commands\Server\rewrite.php(43): require_once('C:\\codeigniter4...')
#8 {main}
CRITICAL - 2023-10-31 21:41:35 --> syntax error, unexpected token "}", expecting ";"
#0 C:\codeigniter4-CodeIgniter4-202f41a\system\Autoloader\Autoloader.php(241): CodeIgniter\Autoloader\Autoloader->includeFile('C:\\codeigniter4...')
#1 C:\codeigniter4-CodeIgniter4-202f41a\system\Autoloader\Autoloader.php(219): CodeIgniter\Autoloader\Autoloader->loadInNamespace('App\\Controllers...')
#2 [internal function]: CodeIgniter\Autoloader\Autoloader->loadClass('App\\Controllers...')
#3 C:\codeigniter4-CodeIgniter4-202f41a\system\CodeIgniter.php(797): class_exists('\\App\\Controller...', true)
#4 C:\codeigniter4-CodeIgniter4-202f41a\system\CodeIgniter.php(406): CodeIgniter\CodeIgniter->startController()
#5 C:\codeigniter4-CodeIgniter4-202f41a\system\CodeIgniter.php(326): CodeIgniter\CodeIgniter->handleRequest(NULL, Object(Config\Cache), false)
#6 C:\codeigniter4-CodeIgniter4-202f41a\public\index.php(37): CodeIgniter\CodeIgniter->run()
#7 C:\codeigniter4-CodeIgniter4-202f41a\system\Commands\Server\rewrite.php(43): require_once('C:\\codeigniter4...')
#8 {main}
CRITICAL - 2023-10-31 21:41:35 --> syntax error, unexpected token "}", expecting ";"
#0 C:\codeigniter4-CodeIgniter4-202f41a\system\Autoloader\Autoloader.php(241): CodeIgniter\Autoloader\Autoloader->includeFile('C:\\codeigniter4...')
#1 C:\codeigniter4-CodeIgniter4-202f41a\system\Autoloader\Autoloader.php(219): CodeIgniter\Autoloader\Autoloader->loadInNamespace('App\\Controllers...')
#2 [internal function]: CodeIgniter\Autoloader\Autoloader->loadClass('App\\Controllers...')
#3 C:\codeigniter4-CodeIgniter4-202f41a\system\CodeIgniter.php(797): class_exists('\\App\\Controller...', true)
#4 C:\codeigniter4-CodeIgniter4-202f41a\system\CodeIgniter.php(406): CodeIgniter\CodeIgniter->startController()
#5 C:\codeigniter4-CodeIgniter4-202f41a\system\CodeIgniter.php(326): CodeIgniter\CodeIgniter->handleRequest(NULL, Object(Config\Cache), false)
#6 C:\codeigniter4-CodeIgniter4-202f41a\public\index.php(37): CodeIgniter\CodeIgniter->run()
#7 C:\codeigniter4-CodeIgniter4-202f41a\system\Commands\Server\rewrite.php(43): require_once('C:\\codeigniter4...')
#8 {main}
CRITICAL - 2023-10-31 21:41:35 --> syntax error, unexpected token "}", expecting ";"
#0 C:\codeigniter4-CodeIgniter4-202f41a\system\Autoloader\Autoloader.php(241): CodeIgniter\Autoloader\Autoloader->includeFile('C:\\codeigniter4...')
#1 C:\codeigniter4-CodeIgniter4-202f41a\system\Autoloader\Autoloader.php(219): CodeIgniter\Autoloader\Autoloader->loadInNamespace('App\\Controllers...')
#2 [internal function]: CodeIgniter\Autoloader\Autoloader->loadClass('App\\Controllers...')
#3 C:\codeigniter4-CodeIgniter4-202f41a\system\CodeIgniter.php(797): class_exists('\\App\\Controller...', true)
#4 C:\codeigniter4-CodeIgniter4-202f41a\system\CodeIgniter.php(406): CodeIgniter\CodeIgniter->startController()
#5 C:\codeigniter4-CodeIgniter4-202f41a\system\CodeIgniter.php(326): CodeIgniter\CodeIgniter->handleRequest(NULL, Object(Config\Cache), false)
#6 C:\codeigniter4-CodeIgniter4-202f41a\public\index.php(37): CodeIgniter\CodeIgniter->run()
#7 C:\codeigniter4-CodeIgniter4-202f41a\system\Commands\Server\rewrite.php(43): require_once('C:\\codeigniter4...')
#8 {main}
CRITICAL - 2023-10-31 21:41:36 --> syntax error, unexpected token "}", expecting ";"
#0 C:\codeigniter4-CodeIgniter4-202f41a\system\Autoloader\Autoloader.php(241): CodeIgniter\Autoloader\Autoloader->includeFile('C:\\codeigniter4...')
#1 C:\codeigniter4-CodeIgniter4-202f41a\system\Autoloader\Autoloader.php(219): CodeIgniter\Autoloader\Autoloader->loadInNamespace('App\\Controllers...')
#2 [internal function]: CodeIgniter\Autoloader\Autoloader->loadClass('App\\Controllers...')
#3 C:\codeigniter4-CodeIgniter4-202f41a\system\CodeIgniter.php(797): class_exists('\\App\\Controller...', true)
#4 C:\codeigniter4-CodeIgniter4-202f41a\system\CodeIgniter.php(406): CodeIgniter\CodeIgniter->startController()
#5 C:\codeigniter4-CodeIgniter4-202f41a\system\CodeIgniter.php(326): CodeIgniter\CodeIgniter->handleRequest(NULL, Object(Config\Cache), false)
#6 C:\codeigniter4-CodeIgniter4-202f41a\public\index.php(37): CodeIgniter\CodeIgniter->run()
#7 C:\codeigniter4-CodeIgniter4-202f41a\system\Commands\Server\rewrite.php(43): require_once('C:\\codeigniter4...')
#8 {main}
CRITICAL - 2023-10-31 21:41:36 --> syntax error, unexpected token "}", expecting ";"
#0 C:\codeigniter4-CodeIgniter4-202f41a\system\Autoloader\Autoloader.php(241): CodeIgniter\Autoloader\Autoloader->includeFile('C:\\codeigniter4...')
#1 C:\codeigniter4-CodeIgniter4-202f41a\system\Autoloader\Autoloader.php(219): CodeIgniter\Autoloader\Autoloader->loadInNamespace('App\\Controllers...')
#2 [internal function]: CodeIgniter\Autoloader\Autoloader->loadClass('App\\Controllers...')
#3 C:\codeigniter4-CodeIgniter4-202f41a\system\CodeIgniter.php(797): class_exists('\\App\\Controller...', true)
#4 C:\codeigniter4-CodeIgniter4-202f41a\system\CodeIgniter.php(406): CodeIgniter\CodeIgniter->startController()
#5 C:\codeigniter4-CodeIgniter4-202f41a\system\CodeIgniter.php(326): CodeIgniter\CodeIgniter->handleRequest(NULL, Object(Config\Cache), false)
#6 C:\codeigniter4-CodeIgniter4-202f41a\public\index.php(37): CodeIgniter\CodeIgniter->run()
#7 C:\codeigniter4-CodeIgniter4-202f41a\system\Commands\Server\rewrite.php(43): require_once('C:\\codeigniter4...')
#8 {main}
