CRITICAL - 2024-01-23 22:42:40 --> Invalid file: index.php
#0 C:\galeri\system\View\View.php(198): CodeIgniter\Exceptions\FrameworkException::forInvalidFile('index.php')
#1 C:\galeri\system\Common.php(1089): CodeIgniter\View\View->render('index', Array, true)
#2 C:\galeri\app\Controllers\Home.php(18): view('index', Array)
#3 C:\galeri\system\CodeIgniter.php(832): App\Controllers\Home->index()
#4 C:\galeri\system\CodeIgniter.php(419): CodeIgniter\CodeIgniter->runController(Object(App\Controllers\Home))
#5 C:\galeri\system\CodeIgniter.php(326): CodeIgniter\CodeIgniter->handleRequest(NULL, Object(Config\Cache), false)
#6 C:\galeri\public\index.php(37): CodeIgniter\CodeIgniter->run()
#7 C:\galeri\system\Commands\Server\rewrite.php(43): require_once('C:\\galeri\\publi...')
#8 {main}
CRITICAL - 2024-01-23 22:46:22 --> Invalid file: index.php
#0 C:\galeri\system\View\View.php(198): CodeIgniter\Exceptions\FrameworkException::forInvalidFile('index.php')
#1 C:\galeri\system\Common.php(1089): CodeIgniter\View\View->render('index', Array, true)
#2 C:\galeri\app\Controllers\Home.php(18): view('index', Array)
#3 C:\galeri\system\CodeIgniter.php(832): App\Controllers\Home->index()
#4 C:\galeri\system\CodeIgniter.php(419): CodeIgniter\CodeIgniter->runController(Object(App\Controllers\Home))
#5 C:\galeri\system\CodeIgniter.php(326): CodeIgniter\CodeIgniter->handleRequest(NULL, Object(Config\Cache), false)
#6 C:\galeri\public\index.php(37): CodeIgniter\CodeIgniter->run()
#7 C:\galeri\system\Commands\Server\rewrite.php(43): require_once('C:\\galeri\\publi...')
#8 {main}
CRITICAL - 2024-01-23 22:46:35 --> Invalid file: index.php
#0 C:\galeri\system\View\View.php(198): CodeIgniter\Exceptions\FrameworkException::forInvalidFile('index.php')
#1 C:\galeri\system\Common.php(1089): CodeIgniter\View\View->render('index', Array, true)
#2 C:\galeri\app\Controllers\Home.php(18): view('index', Array)
#3 C:\galeri\system\CodeIgniter.php(832): App\Controllers\Home->index()
#4 C:\galeri\system\CodeIgniter.php(419): CodeIgniter\CodeIgniter->runController(Object(App\Controllers\Home))
#5 C:\galeri\system\CodeIgniter.php(326): CodeIgniter\CodeIgniter->handleRequest(NULL, Object(Config\Cache), false)
#6 C:\galeri\public\index.php(37): CodeIgniter\CodeIgniter->run()
#7 C:\galeri\system\Commands\Server\rewrite.php(43): require_once('C:\\galeri\\publi...')
#8 {main}
CRITICAL - 2024-01-23 22:46:37 --> Invalid file: index.php
#0 C:\galeri\system\View\View.php(198): CodeIgniter\Exceptions\FrameworkException::forInvalidFile('index.php')
#1 C:\galeri\system\Common.php(1089): CodeIgniter\View\View->render('index', Array, true)
#2 C:\galeri\app\Controllers\Home.php(18): view('index', Array)
#3 C:\galeri\system\CodeIgniter.php(832): App\Controllers\Home->index()
#4 C:\galeri\system\CodeIgniter.php(419): CodeIgniter\CodeIgniter->runController(Object(App\Controllers\Home))
#5 C:\galeri\system\CodeIgniter.php(326): CodeIgniter\CodeIgniter->handleRequest(NULL, Object(Config\Cache), false)
#6 C:\galeri\public\index.php(37): CodeIgniter\CodeIgniter->run()
#7 C:\galeri\system\Commands\Server\rewrite.php(43): require_once('C:\\galeri\\publi...')
#8 {main}
CRITICAL - 2024-01-23 22:46:39 --> Invalid file: index.php
#0 C:\galeri\system\View\View.php(198): CodeIgniter\Exceptions\FrameworkException::forInvalidFile('index.php')
#1 C:\galeri\system\Common.php(1089): CodeIgniter\View\View->render('index', Array, true)
#2 C:\galeri\app\Controllers\Home.php(18): view('index', Array)
#3 C:\galeri\system\CodeIgniter.php(832): App\Controllers\Home->index()
#4 C:\galeri\system\CodeIgniter.php(419): CodeIgniter\CodeIgniter->runController(Object(App\Controllers\Home))
#5 C:\galeri\system\CodeIgniter.php(326): CodeIgniter\CodeIgniter->handleRequest(NULL, Object(Config\Cache), false)
#6 C:\galeri\public\index.php(37): CodeIgniter\CodeIgniter->run()
#7 C:\galeri\system\Commands\Server\rewrite.php(43): require_once('C:\\galeri\\publi...')
#8 {main}
CRITICAL - 2024-01-23 22:46:39 --> Invalid file: index.php
#0 C:\galeri\system\View\View.php(198): CodeIgniter\Exceptions\FrameworkException::forInvalidFile('index.php')
#1 C:\galeri\system\Common.php(1089): CodeIgniter\View\View->render('index', Array, true)
#2 C:\galeri\app\Controllers\Home.php(18): view('index', Array)
#3 C:\galeri\system\CodeIgniter.php(832): App\Controllers\Home->index()
#4 C:\galeri\system\CodeIgniter.php(419): CodeIgniter\CodeIgniter->runController(Object(App\Controllers\Home))
#5 C:\galeri\system\CodeIgniter.php(326): CodeIgniter\CodeIgniter->handleRequest(NULL, Object(Config\Cache), false)
#6 C:\galeri\public\index.php(37): CodeIgniter\CodeIgniter->run()
#7 C:\galeri\system\Commands\Server\rewrite.php(43): require_once('C:\\galeri\\publi...')
#8 {main}
CRITICAL - 2024-01-23 22:46:47 --> Invalid file: index.php
#0 C:\galeri\system\View\View.php(198): CodeIgniter\Exceptions\FrameworkException::forInvalidFile('index.php')
#1 C:\galeri\system\Common.php(1089): CodeIgniter\View\View->render('index', Array, true)
#2 C:\galeri\app\Controllers\Home.php(18): view('index', Array)
#3 C:\galeri\system\CodeIgniter.php(832): App\Controllers\Home->index()
#4 C:\galeri\system\CodeIgniter.php(419): CodeIgniter\CodeIgniter->runController(Object(App\Controllers\Home))
#5 C:\galeri\system\CodeIgniter.php(326): CodeIgniter\CodeIgniter->handleRequest(NULL, Object(Config\Cache), false)
#6 C:\galeri\public\index.php(37): CodeIgniter\CodeIgniter->run()
#7 C:\galeri\system\Commands\Server\rewrite.php(43): require_once('C:\\galeri\\publi...')
#8 {main}
CRITICAL - 2024-01-23 22:46:50 --> Invalid file: index.php
#0 C:\galeri\system\View\View.php(198): CodeIgniter\Exceptions\FrameworkException::forInvalidFile('index.php')
#1 C:\galeri\system\Common.php(1089): CodeIgniter\View\View->render('index', Array, true)
#2 C:\galeri\app\Controllers\Home.php(18): view('index', Array)
#3 C:\galeri\system\CodeIgniter.php(832): App\Controllers\Home->index()
#4 C:\galeri\system\CodeIgniter.php(419): CodeIgniter\CodeIgniter->runController(Object(App\Controllers\Home))
#5 C:\galeri\system\CodeIgniter.php(326): CodeIgniter\CodeIgniter->handleRequest(NULL, Object(Config\Cache), false)
#6 C:\galeri\public\index.php(37): CodeIgniter\CodeIgniter->run()
#7 C:\galeri\system\Commands\Server\rewrite.php(43): require_once('C:\\galeri\\publi...')
#8 {main}
CRITICAL - 2024-01-23 22:46:51 --> Invalid file: index.php
#0 C:\galeri\system\View\View.php(198): CodeIgniter\Exceptions\FrameworkException::forInvalidFile('index.php')
#1 C:\galeri\system\Common.php(1089): CodeIgniter\View\View->render('index', Array, true)
#2 C:\galeri\app\Controllers\Home.php(18): view('index', Array)
#3 C:\galeri\system\CodeIgniter.php(832): App\Controllers\Home->index()
#4 C:\galeri\system\CodeIgniter.php(419): CodeIgniter\CodeIgniter->runController(Object(App\Controllers\Home))
#5 C:\galeri\system\CodeIgniter.php(326): CodeIgniter\CodeIgniter->handleRequest(NULL, Object(Config\Cache), false)
#6 C:\galeri\public\index.php(37): CodeIgniter\CodeIgniter->run()
#7 C:\galeri\system\Commands\Server\rewrite.php(43): require_once('C:\\galeri\\publi...')
#8 {main}
